WARNING: This is a simple server for use in testing or debugging Angular applications
locally. It hasn't been reviewed for security issues.

Binding this server to an open connection can result in compromising your application or
computer. Using a different host than the one passed to the "--host" flag might result in
websocket connection issues. You might need to use "--disableHostCheck" if that's the
case.
WARNING: Running a server with --disable-host-check is a security risk. See https://medium.com/webpack/webpack-dev-server-middleware-security-issues-1489d950874a for more information.
[34mℹ[39m [90m｢wds｣[39m: Project is running at http://0.0.0.0:4200/webpack-dev-server/
[34mℹ[39m [90m｢wds｣[39m: webpack output is served from /
[34mℹ[39m [90m｢wds｣[39m: 404s will fallback to //index.html

chunk {main} main.js, main.js.map (main) 83.1 kB [initial] [rendered]
chunk {polyfills} polyfills.js, polyfills.js.map (polyfills) 251 kB [initial] [rendered]
chunk {runtime} runtime.js, runtime.js.map (runtime) 6.09 kB [entry] [rendered]
chunk {styles} styles.js, styles.js.map (styles) 2.08 MB [initial] [rendered]
chunk {vendor} vendor.js, vendor.js.map (vendor) 4.42 MB [initial] [rendered]
Date: 2019-07-26T07:41:14.933Z - Hash: 2c8dd1461115b14d7137 - Time: 18878ms
** Angular Live Development Server is listening on 0.0.0.0:4200, open your browser on http://localhost:4200/ **
[34mℹ[39m [90m｢wdm｣[39m: Compiled successfully.
[34mℹ[39m [90m｢wdm｣[39m: Compiling...

Date: 2019-07-26T07:42:26.791Z - Hash: 7e09bd447c6102b4f2df
4 unchanged chunks
chunk {main} main.js, main.js.map (main) 83.1 kB [initial] [rendered]
Time: 1296ms
[34mℹ[39m [90m｢wdm｣[39m: Compiled successfully.
WARNING: This is a simple server for use in testing or debugging Angular applications
locally. It hasn't been reviewed for security issues.

Binding this server to an open connection can result in compromising your application or
computer. Using a different host than the one passed to the "--host" flag might result in
websocket connection issues. You might need to use "--disableHostCheck" if that's the
case.
WARNING: Running a server with --disable-host-check is a security risk. See https://medium.com/webpack/webpack-dev-server-middleware-security-issues-1489d950874a for more information.
[34mℹ[39m [90m｢wds｣[39m: Project is running at http://0.0.0.0:4200/webpack-dev-server/
[34mℹ[39m [90m｢wds｣[39m: webpack output is served from /
[34mℹ[39m [90m｢wds｣[39m: 404s will fallback to //index.html
[34mℹ[39m [90m｢wdm｣[39m: wait until bundle finished: /

chunk {main} main.js, main.js.map (main) 83.1 kB [initial] [rendered]
chunk {polyfills} polyfills.js, polyfills.js.map (polyfills) 251 kB [initial] [rendered]
chunk {runtime} runtime.js, runtime.js.map (runtime) 6.09 kB [entry] [rendered]
chunk {styles} styles.js, styles.js.map (styles) 2.08 MB [initial] [rendered]
chunk {vendor} vendor.js, vendor.js.map (vendor) 4.42 MB [initial] [rendered]
Date: 2019-07-26T07:44:20.055Z - Hash: 7e09bd447c6102b4f2df - Time: 18809ms
** Angular Live Development Server is listening on 0.0.0.0:4200, open your browser on http://localhost:4200/ **
[34mℹ[39m [90m｢wdm｣[39m: Compiled successfully.
WARNING: This is a simple server for use in testing or debugging Angular applications
locally. It hasn't been reviewed for security issues.

Binding this server to an open connection can result in compromising your application or
computer. Using a different host than the one passed to the "--host" flag might result in
websocket connection issues. You might need to use "--disableHostCheck" if that's the
case.
WARNING: Running a server with --disable-host-check is a security risk. See https://medium.com/webpack/webpack-dev-server-middleware-security-issues-1489d950874a for more information.
[34mℹ[39m [90m｢wds｣[39m: Project is running at http://0.0.0.0:4200/webpack-dev-server/
[34mℹ[39m [90m｢wds｣[39m: webpack output is served from /
[34mℹ[39m [90m｢wds｣[39m: 404s will fallback to //index.html
[34mℹ[39m [90m｢wdm｣[39m: wait until bundle finished: /

chunk {main} main.js, main.js.map (main) 83.1 kB [initial] [rendered]
chunk {polyfills} polyfills.js, polyfills.js.map (polyfills) 251 kB [initial] [rendered]
chunk {runtime} runtime.js, runtime.js.map (runtime) 6.09 kB [entry] [rendered]
chunk {styles} styles.js, styles.js.map (styles) 2.08 MB [initial] [rendered]
chunk {vendor} vendor.js, vendor.js.map (vendor) 4.42 MB [initial] [rendered]
Date: 2019-07-26T07:50:18.455Z - Hash: 7e09bd447c6102b4f2df - Time: 19373ms
** Angular Live Development Server is listening on 0.0.0.0:4200, open your browser on http://localhost:4200/ **
[34mℹ[39m [90m｢wdm｣[39m: Compiled successfully.
